<?xml version="1.0" encoding="UTF-8"?>
<!-- Generated by org.testng.reporters.JUnitXMLReporter -->
<testsuite ignored="0" hostname="MKSGROUP" failures="0" tests="2" name="Default test" time="0.055" errors="0" timestamp="2024-01-26T17:58:14 IST">
  <testcase classname="com.SwagLab.generic.BaseClass" name="@BeforeTest openBrowser" time="-1.706272094447E9">
    <failure type="org.testng.TestNGException" message="
Parameter &amp;apos;browser&amp;apos; is required by BeforeTest on method openBrowser but has not been marked @Optional or defined
in C:\Users\tamke\AppData\Local\Temp\testng-eclipse-1472368841\testng-customsuite.xml">
      <![CDATA[org.testng.TestNGException: 
Parameter 'browser' is required by BeforeTest on method openBrowser but has not been marked @Optional or defined
in C:\Users\tamke\AppData\Local\Temp\testng-eclipse-1472368841\testng-customsuite.xml
at org.testng.internal.Parameters.createParams(Parameters.java:270)
at org.testng.internal.Parameters.createParametersForMethod(Parameters.java:358)
at org.testng.internal.Parameters.createParameters(Parameters.java:700)
at org.testng.internal.Parameters.createConfigurationParameters(Parameters.java:168)
at org.testng.internal.ConfigInvoker.invokeConfigurations(ConfigInvoker.java:302)
at org.testng.TestRunner.invokeTestConfigurations(TestRunner.java:637)
at org.testng.TestRunner.beforeRun(TestRunner.java:627)
at org.testng.TestRunner.run(TestRunner.java:589)
at org.testng.SuiteRunner.runTest(SuiteRunner.java:377)
at org.testng.SuiteRunner.runSequentially(SuiteRunner.java:371)
at org.testng.SuiteRunner.privateRun(SuiteRunner.java:332)
at org.testng.SuiteRunner.run(SuiteRunner.java:276)
at org.testng.SuiteRunnerWorker.runSuite(SuiteRunnerWorker.java:53)
at org.testng.SuiteRunnerWorker.run(SuiteRunnerWorker.java:96)
at org.testng.TestNG.runSuitesSequentially(TestNG.java:1212)
at org.testng.TestNG.runSuitesLocally(TestNG.java:1134)
at org.testng.TestNG.runSuites(TestNG.java:1063)
at org.testng.TestNG.run(TestNG.java:1031)
at org.testng.remote.AbstractRemoteTestNG.run(AbstractRemoteTestNG.java:115)
at org.testng.remote.RemoteTestNG.initAndRun(RemoteTestNG.java:251)
at org.testng.remote.RemoteTestNG.main(RemoteTestNG.java:77)
]]>
    </failure>
  </testcase> <!-- @BeforeTest openBrowser -->
  <testcase classname="com.SwagLab.generic.BaseClass" name="@BeforeMethod logIn" time="-1.706272094481E9">
    <skipped/>
  </testcase> <!-- @BeforeMethod logIn -->
  <testcase classname="com.SwagLab.generic.BaseClass" name="@AfterMethod logOut" time="-1.706272094488E9">
    <skipped/>
  </testcase> <!-- @AfterMethod logOut -->
  <testcase classname="com.SwagLab.generic.BaseClass" name="@BeforeMethod logIn" time="-1.706272094489E9">
    <skipped/>
  </testcase> <!-- @BeforeMethod logIn -->
  <testcase classname="com.SwagLab.generic.BaseClass" name="@AfterMethod logOut" time="-1.706272094493E9">
    <skipped/>
  </testcase> <!-- @AfterMethod logOut -->
  <testcase classname="com.SwagLab.generic.BaseClass" name="@AfterClass closeBrowser" time="-1.706272094494E9">
    <skipped/>
  </testcase> <!-- @AfterClass closeBrowser -->
  <testcase classname="com.SwagLab.testScripts.ProductOrder" name="mroductCheck" time="0.0">
    <skipped/>
  </testcase> <!-- mroductCheck -->
  <testcase classname="com.SwagLab.testScripts.ProductOrder" name="productOrder" time="0.0">
    <skipped/>
  </testcase> <!-- productOrder -->
</testsuite> <!-- Default test -->
